<?xml version="1.0" encoding="UTF-8"?>
<!-- Generated by org.testng.reporters.JUnitReportReporter -->
<testsuite hostname="DESKTOP-3PG6OS0" failures="0" tests="1" name="org.pavi.coder.mytestapp.AppTest" time="5.949" errors="0" timestamp="2024-09-29T23:12:16 IST" skipped="0">
  <testcase classname="org.pavi.coder.mytestapp.AppTest" name="testAppium" time="5.949"/>
</testsuite> <!-- org.pavi.coder.mytestapp.AppTest -->
