<?xml version="1.0" encoding="UTF-8"?>
<!-- Generated by org.testng.reporters.JUnitReportReporter -->
<testsuite hostname="DESKTOP-3PG6OS0" failures="0" tests="1" name="org.pavi.coder.mytestapp.AppTest" time="0.005" errors="0" timestamp="2024-09-18T16:52:57 IST" skipped="0">
  <testcase classname="org.pavi.coder.mytestapp.AppTest" name="testAppium" time="0.005"/>
</testsuite> <!-- org.pavi.coder.mytestapp.AppTest -->
