<?xml version="1.0" encoding="UTF-8"?>
<!-- Generated by org.testng.reporters.JUnitReportReporter -->
<testsuite hostname="DESKTOP-3PG6OS0" failures="0" tests="1" name="org.pavi.coder.mytestapp.AppTest" time="3.259" errors="0" timestamp="2024-09-30T10:39:35 IST" skipped="0">
  <testcase classname="org.pavi.coder.mytestapp.AppTest" name="testAppium" time="3.259"/>
</testsuite> <!-- org.pavi.coder.mytestapp.AppTest -->
