<?xml version="1.0" encoding="UTF-8"?>
<!-- Generated by org.testng.reporters.JUnitReportReporter -->
<testsuite hostname="DESKTOP-3PG6OS0" failures="0" tests="1" name="org.pavi.coder.mytestapp.AppiumTest" time="3.751" errors="0" timestamp="2024-09-30T11:21:33 IST" skipped="0">
  <testcase classname="org.pavi.coder.mytestapp.AppiumTest" name="testAppium" time="3.751"/>
</testsuite> <!-- org.pavi.coder.mytestapp.AppiumTest -->
